<?xml version="1.0" encoding="UTF-8"?>
<testsuite xmlns:xsi="http://www.w3.org/2001/XMLSchema-instance" xsi:noNamespaceSchemaLocation="https://maven.apache.org/surefire/maven-surefire-plugin/xsd/surefire-test-report-3.0.xsd" version="3.0" name="com.webapp.bankingportal.AccountControllerTests" time="56.269" tests="44" errors="0" skipped="0" failures="0">
  <properties>
[...]
</properties>
  <testcase name="test_deposit_with_unauthorized_access" classname="com.webapp.bankingportal.AccountControllerTests" time="1.538">
    <system-out><![CDATA[16:43:47.815 [main] INFO org.springframework.test.context.support.AnnotationConfigContextLoaderUtils -- Could not detect default configuration classes for test class [com.webapp.bankingportal.AccountControllerTests]: AccountControllerTests does not declare any static, non-private, non-final, nested classes annotated with @Configuration.
16:43:48.098 [main] INFO org.springframework.boot.test.context.SpringBootTestContextBootstrapper -- Found @SpringBootConfiguration com.webapp.bankingportal.BankingportalApplication for test class com.webapp.bankingportal.AccountControllerTests
16:43:48.681 [main] INFO org.springframework.boot.devtools.restart.RestartApplicationListener -- Restart disabled due to context in which it is running
16:43:47,375 |-INFO in ch.qos.logback.classic.LoggerContext[default] - This is logback-classic version 1.5.11
16:43:47,383 |-INFO in ch.qos.logback.classic.util.ContextInitializer@39109136 - Here is a list of configurators discovered as a service, by rank: 
16:43:47,383 |-INFO in ch.qos.logback.classic.util.ContextInitializer@39109136 -   org.springframework.boot.logging.logback.RootLogLevelConfigurator
16:43:47,383 |-INFO in ch.qos.logback.classic.util.ContextInitializer@39109136 - They will be invoked in order until ExecutionStatus.DO_NOT_INVOKE_NEXT_IF_ANY is returned.
16:43:47,383 |-INFO in ch.qos.logback.classic.util.ContextInitializer@39109136 - Constructed configurator of type class org.springframework.boot.logging.logback.RootLogLevelConfigurator
16:43:47,411 |-INFO in ch.qos.logback.classic.util.ContextInitializer@39109136 - org.springframework.boot.logging.logback.RootLogLevelConfigurator.configure() call lasted 1 milliseconds. ExecutionStatus=INVOKE_NEXT_IF_ANY
16:43:47,411 |-INFO in ch.qos.logback.classic.util.ContextInitializer@39109136 - Trying to configure with ch.qos.logback.classic.joran.SerializedModelConfigurator
16:43:47,412 |-INFO in ch.qos.logback.classic.util.ContextInitializer@39109136 - Constructed configurator of type class ch.qos.logback.classic.joran.SerializedModelConfigurator
16:43:47,419 |-INFO in ch.qos.logback.classic.LoggerContext[default] - Could NOT find resource [logback-test.scmo]
16:43:47,420 |-INFO in ch.qos.logback.classic.LoggerContext[default] - Could NOT find resource [logback.scmo]
16:43:47,420 |-INFO in ch.qos.logback.classic.util.ContextInitializer@39109136 - ch.qos.logback.classic.joran.SerializedModelConfigurator.configure() call lasted 8 milliseconds. ExecutionStatus=INVOKE_NEXT_IF_ANY
16:43:47,420 |-INFO in ch.qos.logback.classic.util.ContextInitializer@39109136 - Trying to configure with ch.qos.logback.classic.util.DefaultJoranConfigurator
16:43:47,423 |-INFO in ch.qos.logback.classic.util.ContextInitializer@39109136 - Constructed configurator of type class ch.qos.logback.classic.util.DefaultJoranConfigurator
16:43:47,424 |-INFO in ch.qos.logback.classic.LoggerContext[default] - Could NOT find resource [logback-test.xml]
16:43:47,425 |-INFO in ch.qos.logback.classic.LoggerContext[default] - Could NOT find resource [logback.xml]
16:43:47,425 |-INFO in ch.qos.logback.classic.util.ContextInitializer@39109136 - ch.qos.logback.classic.util.DefaultJoranConfigurator.configure() call lasted 2 milliseconds. ExecutionStatus=INVOKE_NEXT_IF_ANY
16:43:47,425 |-INFO in ch.qos.logback.classic.util.ContextInitializer@39109136 - Trying to configure with ch.qos.logback.classic.BasicConfigurator
16:43:47,429 |-INFO in ch.qos.logback.classic.util.ContextInitializer@39109136 - Constructed configurator of type class ch.qos.logback.classic.BasicConfigurator
16:43:47,429 |-INFO in ch.qos.logback.classic.BasicConfigurator@27c04377 - Setting up default configuration.
16:43:47,483 |-INFO in ch.qos.logback.classic.util.ContextInitializer@39109136 - ch.qos.logback.classic.BasicConfigurator.configure() call lasted 54 milliseconds. ExecutionStatus=NEUTRAL
16:43:49,166 |-WARN in ch.qos.logback.core.joran.action.ConversionRuleAction - [converterClass] attribute is deprecated and replaced by [class]. See element [conversionRule] near line 5
16:43:49,166 |-WARN in ch.qos.logback.core.joran.action.ConversionRuleAction - [converterClass] attribute is deprecated and replaced by [class]. See element [conversionRule] near line 7
16:43:49,249 |-INFO in ch.qos.logback.core.model.processor.ConversionRuleModelHandler - registering conversion word clr with class [org.springframework.boot.logging.logback.ColorConverter]
16:43:49,249 |-INFO in ch.qos.logback.core.model.processor.ConversionRuleModelHandler - registering conversion word wEx with class [org.springframework.boot.logging.logback.WhitespaceThrowableProxyConverter]
16:43:49,258 |-INFO in ch.qos.logback.core.model.processor.ModelInterpretationContext@34dc85a - value "%clr(%d{yyyy-MM-dd HH:mm:ss.SSS}){faint} %clr(%5p) %clr([%t]){faint} %clr(:){faint} %m%n%wEx" substituted for "%clr(%d{${LOG_DATEFORMAT_PATTERN:-yyyy-MM-dd HH:mm:ss.SSS}}){faint} %clr(${LOG_LEVEL_PATTERN:-%5p}) %clr([%t]){faint} %clr(:){faint} %m%n${LOG_EXCEPTION_CONVERSION_WORD:-%wEx}"
16:43:49,260 |-INFO in ch.qos.logback.core.model.processor.AppenderModelHandler - Processing appender named [CONSOLE]
16:43:49,260 |-INFO in ch.qos.logback.core.model.processor.AppenderModelHandler - About to instantiate appender of type [ch.qos.logback.core.ConsoleAppender]
16:43:49,270 |-INFO in ch.qos.logback.core.model.processor.ImplicitModelHandler - Assuming default type [ch.qos.logback.classic.encoder.PatternLayoutEncoder] for [encoder] property
16:43:49,274 |-INFO in ch.qos.logback.core.model.processor.ModelInterpretationContext@34dc85a - value "%clr(%d{yyyy-MM-dd HH:mm:ss.SSS}){faint} %clr(%5p) %clr([%t]){faint} %clr(:){faint} %m%n%wEx" substituted for "${LOG_PATTERN}"
16:43:49,314 |-INFO in ch.qos.logback.classic.model.processor.RootLoggerModelHandler - Setting level of ROOT logger to INFO
16:43:49,314 |-INFO in ch.qos.logback.classic.jul.LevelChangePropagator@67403656 - Propagating INFO level on Logger[ROOT] onto the JUL framework
16:43:49,315 |-INFO in ch.qos.logback.core.model.processor.AppenderRefModelHandler - Attaching appender named [CONSOLE] to Logger[ROOT]
16:43:49,315 |-INFO in ch.qos.logback.core.model.processor.DefaultProcessor@5a6482a9 - End of configuration.
16:43:49,316 |-INFO in org.springframework.boot.logging.logback.SpringBootJoranConfigurator@7f9ab969 - Registering current configuration as safe fallback point

2024-12-01 16:43:49.434  INFO [background-preinit] : HV000001: Hibernate Validator 8.0.1.Final

  .   ____          _            __ _ _
 /\\ / ___'_ __ _ _(_)_ __  __ _ \ \ \ \
( ( )\___ | '_ | '_| | '_ \/ _` | \ \ \ \
 \\/  ___)| |_)| | | | | || (_| |  ) ) ) )
  '  |____| .__|_| |_|_| |_\__, | / / / /
 =========|_|==============|___/=/_/_/_/

 :: Spring Boot ::                (v3.3.5)

2024-12-01 16:43:49.664  INFO [main] : Starting AccountControllerTests using Java 21.0.1 with PID 20268 (started by pcz in C:\Users\pcz\Downloads\removeGeolocation\BankingPortal-API-main)
2024-12-01 16:43:49.666  INFO [main] : No active profile set, falling back to 1 default profile: "default"
2024-12-01 16:43:53.042  INFO [main] : Bootstrapping Spring Data JPA repositories in DEFAULT mode.
2024-12-01 16:43:53.319  INFO [main] : Finished Spring Data repository scanning in 248 ms. Found 5 JPA repository interfaces.
2024-12-01 16:43:55.656  INFO [main] : HHH000204: Processing PersistenceUnitInfo [name: default]
2024-12-01 16:43:55.852  INFO [main] : HHH000412: Hibernate ORM core version 6.5.3.Final
2024-12-01 16:43:55.992  INFO [main] : HHH000026: Second-level cache disabled
2024-12-01 16:43:57.098  INFO [main] : No LoadTimeWeaver setup: ignoring JPA class transformer
2024-12-01 16:43:57.269  INFO [main] : HikariPool-1 - Starting...
2024-12-01 16:43:58.796  INFO [main] : HikariPool-1 - Added connection com.mysql.cj.jdbc.ConnectionImpl@361d8567
2024-12-01 16:43:58.801  INFO [main] : HikariPool-1 - Start completed.
2024-12-01 16:43:59.026  WARN [main] : HHH90000025: MySQL8Dialect does not need to be specified explicitly using 'hibernate.dialect' (remove the property setting and it will be selected by default)
2024-12-01 16:43:59.031  WARN [main] : HHH90000026: MySQL8Dialect has been deprecated; use org.hibernate.dialect.MySQLDialect instead
2024-12-01 16:44:01.647  INFO [main] : HHH000489: No JTA platform available (set 'hibernate.transaction.jta.platform' to enable JTA platform integration)
2024-12-01 16:44:02.036  INFO [main] : Initialized JPA EntityManagerFactory for persistence unit 'default'
2024-12-01 16:44:05.413  WARN [main] : Global AuthenticationManager configured with an AuthenticationProvider bean. UserDetailsService beans will not be used for username/password login. Consider removing the AuthenticationProvider bean. Alternatively, consider using the UserDetailsService in a manually instantiated DaoAuthenticationProvider.
2024-12-01 16:44:13.462  INFO [main] : Exposing 1 endpoint beneath base path '/actuator'
2024-12-01 16:44:15.615  INFO [main] : Initializing Spring TestDispatcherServlet ''
2024-12-01 16:44:15.615  INFO [main] : Initializing Servlet ''
2024-12-01 16:44:15.619  INFO [main] : Completed initialization in 3 ms
2024-12-01 16:44:15.842  INFO [main] : Started AccountControllerTests in 27.183 seconds (process running for 30.634)
]]></system-out>
    <system-err><![CDATA[WARNING: A Java agent has been loaded dynamically (C:\Users\pcz\.m2\repository\net\bytebuddy\byte-buddy-agent\1.14.19\byte-buddy-agent-1.14.19.jar)
WARNING: If a serviceability tool is in use, please run with -XX:+EnableDynamicAgentLoading to hide this warning
WARNING: If a serviceability tool is not in use, please run with -Djdk.instrument.traceUsage for more information
WARNING: Dynamic loading of agents will be disallowed by default in a future release
]]></system-err>
  </testcase>
  <testcase name="test_pin_update_with_invalid_new_short_pin" classname="com.webapp.bankingportal.AccountControllerTests" time="2.345">
    <system-out><![CDATA[2024-12-01 16:44:19.374  INFO [main] : Generating token for user: 66a565
2024-12-01 16:44:19.483  INFO [main] : Saving token for account: 66a565
2024-12-01 16:44:19.872  INFO [main] : Updating PIN for account: 66a565
]]></system-out>
  </testcase>
  <testcase name="test_fund_transfer_with_zero_amount" classname="com.webapp.bankingportal.AccountControllerTests" time="1.058">
    <system-out><![CDATA[2024-12-01 16:44:20.387  INFO [main] : Generating token for user: 6c240b
2024-12-01 16:44:20.399  INFO [main] : Saving token for account: 6c240b
2024-12-01 16:44:21.000  INFO [main] : Generating token for user: 2b4607
2024-12-01 16:44:21.011  INFO [main] : Saving token for account: 2b4607
]]></system-out>
  </testcase>
  <testcase name="test_fund_transfer_with_negative_amount" classname="com.webapp.bankingportal.AccountControllerTests" time="1.058">
    <system-out><![CDATA[2024-12-01 16:44:21.420  INFO [main] : Generating token for user: 0ad036
2024-12-01 16:44:21.430  INFO [main] : Saving token for account: 0ad036
2024-12-01 16:44:22.038  INFO [main] : Generating token for user: 4e5ae3
2024-12-01 16:44:22.050  INFO [main] : Saving token for account: 4e5ae3
]]></system-out>
  </testcase>
  <testcase name="test_pin_update_with_missing_password" classname="com.webapp.bankingportal.AccountControllerTests" time="0.537">
    <system-out><![CDATA[2024-12-01 16:44:22.490  INFO [main] : Generating token for user: c78bcb
2024-12-01 16:44:22.499  INFO [main] : Saving token for account: c78bcb
2024-12-01 16:44:22.739  INFO [main] : Updating PIN for account: c78bcb
]]></system-out>
  </testcase>
  <testcase name="test_withdraw_with_negative_amount" classname="com.webapp.bankingportal.AccountControllerTests" time="0.581">
    <system-out><![CDATA[2024-12-01 16:44:22.997  INFO [main] : Generating token for user: 68d55d
2024-12-01 16:44:23.006  INFO [main] : Saving token for account: 68d55d
]]></system-out>
  </testcase>
  <testcase name="test_pin_create_with_missing_pin" classname="com.webapp.bankingportal.AccountControllerTests" time="0.397">
    <system-out><![CDATA[2024-12-01 16:44:23.578  INFO [main] : Generating token for user: dc7d87
2024-12-01 16:44:23.588  INFO [main] : Saving token for account: dc7d87
]]></system-out>
  </testcase>
  <testcase name="test_pin_update_with_invalid_new_long_pin" classname="com.webapp.bankingportal.AccountControllerTests" time="0.702">
    <system-out><![CDATA[2024-12-01 16:44:24.019  INFO [main] : Generating token for user: 339439
2024-12-01 16:44:24.028  INFO [main] : Saving token for account: 339439
2024-12-01 16:44:24.253  INFO [main] : Updating PIN for account: 339439
]]></system-out>
  </testcase>
  <testcase name="test_pin_create_with_invalid_long_pin" classname="com.webapp.bankingportal.AccountControllerTests" time="0.362">
    <system-out><![CDATA[2024-12-01 16:44:24.674  INFO [main] : Generating token for user: e76586
2024-12-01 16:44:24.682  INFO [main] : Saving token for account: e76586
]]></system-out>
  </testcase>
  <testcase name="test_pin_check_with_pin" classname="com.webapp.bankingportal.AccountControllerTests" time="0.494">
    <system-out><![CDATA[2024-12-01 16:44:25.044  INFO [main] : Generating token for user: 12b1de
2024-12-01 16:44:25.053  INFO [main] : Saving token for account: 12b1de
]]></system-out>
  </testcase>
  <testcase name="test_withdraw_with_insufficient_funds" classname="com.webapp.bankingportal.AccountControllerTests" time="0.775">
    <system-out><![CDATA[2024-12-01 16:44:25.624  INFO [main] : Generating token for user: 93b228
2024-12-01 16:44:25.631  INFO [main] : Saving token for account: 93b228
]]></system-out>
  </testcase>
  <testcase name="test_pin_update_with_invalid_old_pin" classname="com.webapp.bankingportal.AccountControllerTests" time="0.665">
    <system-out><![CDATA[2024-12-01 16:44:26.318  INFO [main] : Generating token for user: bcd453
2024-12-01 16:44:26.326  INFO [main] : Saving token for account: bcd453
2024-12-01 16:44:26.553  INFO [main] : Updating PIN for account: bcd453
]]></system-out>
  </testcase>
  <testcase name="test_fund_transfer_with_valid_data" classname="com.webapp.bankingportal.AccountControllerTests" time="1.054">
    <system-out><![CDATA[2024-12-01 16:44:27.021  INFO [main] : Generating token for user: 2661c1
2024-12-01 16:44:27.032  INFO [main] : Saving token for account: 2661c1
2024-12-01 16:44:27.664  INFO [main] : Generating token for user: 7cac04
2024-12-01 16:44:27.673  INFO [main] : Saving token for account: 7cac04
]]></system-out>
  </testcase>
  <testcase name="test_fund_transfer_with_invalid_target_account" classname="com.webapp.bankingportal.AccountControllerTests" time="0.692">
    <system-out><![CDATA[2024-12-01 16:44:28.047  INFO [main] : Generating token for user: 769c00
2024-12-01 16:44:28.053  INFO [main] : Saving token for account: 769c00
]]></system-out>
  </testcase>
  <testcase name="test_withdraw_with_valid_pin_and_amount" classname="com.webapp.bankingportal.AccountControllerTests" time="0.689">
    <system-out><![CDATA[2024-12-01 16:44:28.724  INFO [main] : Generating token for user: c7218a
2024-12-01 16:44:28.731  INFO [main] : Saving token for account: c7218a
]]></system-out>
  </testcase>
  <testcase name="test_deposit_with_missing_pin" classname="com.webapp.bankingportal.AccountControllerTests" time="0.472">
    <system-out><![CDATA[2024-12-01 16:44:29.419  INFO [main] : Generating token for user: 18e7c0
2024-12-01 16:44:29.427  INFO [main] : Saving token for account: 18e7c0
]]></system-out>
  </testcase>
  <testcase name="test_withdraw_with_missing_pin" classname="com.webapp.bankingportal.AccountControllerTests" time="0.462">
    <system-out><![CDATA[2024-12-01 16:44:29.888  INFO [main] : Generating token for user: 2e05c9
2024-12-01 16:44:29.896  INFO [main] : Saving token for account: 2e05c9
]]></system-out>
  </testcase>
  <testcase name="test_pin_update_with_invalid_password" classname="com.webapp.bankingportal.AccountControllerTests" time="0.644">
    <system-out><![CDATA[2024-12-01 16:44:30.387  INFO [main] : Generating token for user: ce467a
2024-12-01 16:44:30.396  INFO [main] : Saving token for account: ce467a
2024-12-01 16:44:30.670  INFO [main] : Updating PIN for account: ce467a
]]></system-out>
  </testcase>
  <testcase name="test_pin_create_with_valid_password" classname="com.webapp.bankingportal.AccountControllerTests" time="0.456">
    <system-out><![CDATA[2024-12-01 16:44:31.016  INFO [main] : Generating token for user: 400be4
2024-12-01 16:44:31.025  INFO [main] : Saving token for account: 400be4
]]></system-out>
  </testcase>
  <testcase name="test_pin_create_unauthorized_access" classname="com.webapp.bankingportal.AccountControllerTests" time="0.009"/>
  <testcase name="test_pin_update_with_missing_new_pin" classname="com.webapp.bankingportal.AccountControllerTests" time="0.681">
    <system-out><![CDATA[2024-12-01 16:44:31.469  INFO [main] : Generating token for user: 451dd2
2024-12-01 16:44:31.477  INFO [main] : Saving token for account: 451dd2
2024-12-01 16:44:31.707  INFO [main] : Updating PIN for account: 451dd2
]]></system-out>
  </testcase>
  <testcase name="test_deposit_with_excessively_large_amount" classname="com.webapp.bankingportal.AccountControllerTests" time="0.625">
    <system-out><![CDATA[2024-12-01 16:44:32.219  INFO [main] : Generating token for user: 49d51a
2024-12-01 16:44:32.228  INFO [main] : Saving token for account: 49d51a
]]></system-out>
  </testcase>
  <testcase name="test_pin_create_with_missing_password" classname="com.webapp.bankingportal.AccountControllerTests" time="0.258">
    <system-out><![CDATA[2024-12-01 16:44:32.781  INFO [main] : Generating token for user: 282dd4
2024-12-01 16:44:32.788  INFO [main] : Saving token for account: 282dd4
]]></system-out>
  </testcase>
  <testcase name="test_fund_transfer_with_invalid_source_account_pin" classname="com.webapp.bankingportal.AccountControllerTests" time="0.937">
    <system-out><![CDATA[2024-12-01 16:44:33.044  INFO [main] : Generating token for user: 95823e
2024-12-01 16:44:33.050  INFO [main] : Saving token for account: 95823e
2024-12-01 16:44:33.618  INFO [main] : Generating token for user: dc1d78
2024-12-01 16:44:33.627  INFO [main] : Saving token for account: dc1d78
]]></system-out>
  </testcase>
  <testcase name="test_deposit_with_valid_data" classname="com.webapp.bankingportal.AccountControllerTests" time="0.571">
    <system-out><![CDATA[2024-12-01 16:44:33.975  INFO [main] : Generating token for user: 37a3b7
2024-12-01 16:44:33.983  INFO [main] : Saving token for account: 37a3b7
]]></system-out>
  </testcase>
  <testcase name="test_pin_update_with_unauthorized_access" classname="com.webapp.bankingportal.AccountControllerTests" time="0.009"/>
  <testcase name="test_transactions_with_authorized_access" classname="com.webapp.bankingportal.AccountControllerTests" time="0.597">
    <system-out><![CDATA[2024-12-01 16:44:34.553  INFO [main] : Generating token for user: 850250
2024-12-01 16:44:34.559  INFO [main] : Saving token for account: 850250
]]></system-out>
  </testcase>
  <testcase name="test_transactions_unauthorized_access" classname="com.webapp.bankingportal.AccountControllerTests" time="0.009"/>
  <testcase name="test_fund_transfer_with_missing_source_account_pin" classname="com.webapp.bankingportal.AccountControllerTests" time="0.88">
    <system-out><![CDATA[2024-12-01 16:44:35.178  INFO [main] : Generating token for user: 0b7c0f
2024-12-01 16:44:35.184  INFO [main] : Saving token for account: 0b7c0f
2024-12-01 16:44:35.780  INFO [main] : Generating token for user: 4f7850
2024-12-01 16:44:35.788  INFO [main] : Saving token for account: 4f7850
]]></system-out>
  </testcase>
  <testcase name="test_fund_transfer_unauthorized_access" classname="com.webapp.bankingportal.AccountControllerTests" time="0.792">
    <system-out><![CDATA[2024-12-01 16:44:36.062  INFO [main] : Generating token for user: 41a11a
2024-12-01 16:44:36.068  INFO [main] : Saving token for account: 41a11a
2024-12-01 16:44:36.601  INFO [main] : Generating token for user: 5d0ff7
2024-12-01 16:44:36.607  INFO [main] : Saving token for account: 5d0ff7
]]></system-out>
  </testcase>
  <testcase name="test_pin_create_with_invalid_short_pin" classname="com.webapp.bankingportal.AccountControllerTests" time="0.381">
    <system-out><![CDATA[2024-12-01 16:44:36.845  INFO [main] : Generating token for user: c6c601
2024-12-01 16:44:36.853  INFO [main] : Saving token for account: c6c601
]]></system-out>
  </testcase>
  <testcase name="test_fund_transfer_to_the_same_account" classname="com.webapp.bankingportal.AccountControllerTests" time="0.708">
    <system-out><![CDATA[2024-12-01 16:44:37.260  INFO [main] : Generating token for user: 7cd5fe
2024-12-01 16:44:37.266  INFO [main] : Saving token for account: 7cd5fe
]]></system-out>
  </testcase>
  <testcase name="test_fund_transfer_with_insufficient_funds" classname="com.webapp.bankingportal.AccountControllerTests" time="0.913">
    <system-out><![CDATA[2024-12-01 16:44:37.943  INFO [main] : Generating token for user: c2ace1
2024-12-01 16:44:37.949  INFO [main] : Saving token for account: c2ace1
2024-12-01 16:44:38.488  INFO [main] : Generating token for user: 229706
2024-12-01 16:44:38.495  INFO [main] : Saving token for account: 229706
]]></system-out>
  </testcase>
  <testcase name="test_pin_check_without_pin" classname="com.webapp.bankingportal.AccountControllerTests" time="0.247">
    <system-out><![CDATA[2024-12-01 16:44:38.848  INFO [main] : Generating token for user: 2673a1
2024-12-01 16:44:38.853  INFO [main] : Saving token for account: 2673a1
]]></system-out>
  </testcase>
  <testcase name="test_pin_update_with_missing_old_pin" classname="com.webapp.bankingportal.AccountControllerTests" time="0.545">
    <system-out><![CDATA[2024-12-01 16:44:39.093  INFO [main] : Generating token for user: 1d3d2f
2024-12-01 16:44:39.099  INFO [main] : Saving token for account: 1d3d2f
2024-12-01 16:44:39.315  INFO [main] : Updating PIN for account: 1d3d2f
]]></system-out>
  </testcase>
  <testcase name="test_deposit_with_negative_amount" classname="com.webapp.bankingportal.AccountControllerTests" time="0.556">
    <system-out><![CDATA[2024-12-01 16:44:39.645  INFO [main] : Generating token for user: 7da567
2024-12-01 16:44:39.652  INFO [main] : Saving token for account: 7da567
]]></system-out>
  </testcase>
  <testcase name="test_withdraw_with_zero_amount" classname="com.webapp.bankingportal.AccountControllerTests" time="0.559">
    <system-out><![CDATA[2024-12-01 16:44:40.218  INFO [main] : Generating token for user: daff9b
2024-12-01 16:44:40.223  INFO [main] : Saving token for account: daff9b
]]></system-out>
  </testcase>
  <testcase name="test_withdraw_with_unauthorized_access" classname="com.webapp.bankingportal.AccountControllerTests" time="0.009"/>
  <testcase name="test_fund_transfer_with_missing_target_account" classname="com.webapp.bankingportal.AccountControllerTests" time="0.666">
    <system-out><![CDATA[2024-12-01 16:44:40.774  INFO [main] : Generating token for user: 684909
2024-12-01 16:44:40.780  INFO [main] : Saving token for account: 684909
]]></system-out>
  </testcase>
  <testcase name="test_pin_update_with_valid_data" classname="com.webapp.bankingportal.AccountControllerTests" time="0.741">
    <system-out><![CDATA[2024-12-01 16:44:41.427  INFO [main] : Generating token for user: bca1fb
2024-12-01 16:44:41.434  INFO [main] : Saving token for account: bca1fb
2024-12-01 16:44:41.649  INFO [main] : Updating PIN for account: bca1fb
]]></system-out>
  </testcase>
  <testcase name="test_deposit_with_invalid_pin" classname="com.webapp.bankingportal.AccountControllerTests" time="0.608">
    <system-out><![CDATA[2024-12-01 16:44:42.232  INFO [main] : Generating token for user: d365cd
2024-12-01 16:44:42.240  INFO [main] : Saving token for account: d365cd
]]></system-out>
  </testcase>
  <testcase name="test_withdraw_with_invalid_pin" classname="com.webapp.bankingportal.AccountControllerTests" time="0.524">
    <system-out><![CDATA[2024-12-01 16:44:42.779  INFO [main] : Generating token for user: 76d507
2024-12-01 16:44:42.784  INFO [main] : Saving token for account: 76d507
]]></system-out>
  </testcase>
  <testcase name="test_pin_check_without_authorization" classname="com.webapp.bankingportal.AccountControllerTests" time="0.01"/>
  <testcase name="test_pin_create_with_invalid_password" classname="com.webapp.bankingportal.AccountControllerTests" time="0.318">
    <system-out><![CDATA[2024-12-01 16:44:43.311  INFO [main] : Generating token for user: 56038e
2024-12-01 16:44:43.317  INFO [main] : Saving token for account: 56038e
]]></system-out>
  </testcase>
</testsuite>