<?xml version="1.0" encoding="UTF-8"?>
<testsuite xmlns:xsi="http://www.w3.org/2001/XMLSchema-instance" xsi:noNamespaceSchemaLocation="https://maven.apache.org/surefire/maven-surefire-plugin/xsd/surefire-test-report-3.0.xsd" version="3.0" name="com.webapp.bankingportal.DashboardServiceTests" time="0.633" tests="4" errors="0" skipped="0" failures="0">
  <properties>
[...]
</properties>
  <testcase name="test_get_account_details_with_invalid_account_number" classname="com.webapp.bankingportal.DashboardServiceTests" time="0.014">
    <system-out><![CDATA[2024-12-01 20:16:38.200  INFO [main] : Could not detect default configuration classes for test class [com.webapp.bankingportal.DashboardServiceTests]: DashboardServiceTests does not declare any static, non-private, non-final, nested classes annotated with @Configuration.
2024-12-01 20:16:38.206  INFO [main] : Found @SpringBootConfiguration com.webapp.bankingportal.BankingportalApplication for test class com.webapp.bankingportal.DashboardServiceTests
]]></system-out>
  </testcase>
  <testcase name="test_get_account_details_with_valid_account_number" classname="com.webapp.bankingportal.DashboardServiceTests" time="0.304">
    <system-out><![CDATA[2024-12-01 20:16:38.527  INFO [main] : Generating token for user: 47aa50
2024-12-01 20:16:38.534  INFO [main] : Saving token for account: 47aa50
]]></system-out>
  </testcase>
  <testcase name="test_get_user_details_with_valid_account_number" classname="com.webapp.bankingportal.DashboardServiceTests" time="0.266">
    <system-out><![CDATA[2024-12-01 20:16:38.795  INFO [main] : Generating token for user: 29717a
2024-12-01 20:16:38.801  INFO [main] : Saving token for account: 29717a
]]></system-out>
  </testcase>
  <testcase name="test_get_user_details_with_invalid_account_number" classname="com.webapp.bankingportal.DashboardServiceTests" time="0.01"/>
</testsuite>